Start testing: Feb 26 19:57 MSK
----------------------------------------------------------
1/2 Testing: crypto_tests
1/2 Test: crypto_tests
Command: "/home/comp/Desktop/p2p-messanger/build/crypto_tests"
Directory: /home/comp/Desktop/p2p-messanger/build
"crypto_tests" start time: Feb 26 19:57 MSK
Output:
----------------------------------------------------------
== RSA key generation (4096 bits) ==
Keys generated in 2462 ms

== PEM save/load test ==
PEM roundtrip signature verify: OK

== AES-256-GCM encrypt/decrypt test ==
Plaintext:  Привет, мир! This is a test message.
Decrypted:  Привет, мир! This is a test message.
AES encrypt/decrypt: OK

== RSA sign/verify test ==
Self-verify: OK
Verify by loaded public key: OK

== Handshake test (Alice -> Bob) ==
Session keys equal: YES

== Performance test ==
AES-256-GCM 10000 encryptions of 1KB: 37 ms
RSA-4096 500 signatures: 2764 ms

All tests completed.
<end of output>
Test time =   5.30 sec
----------------------------------------------------------
Test Passed.
"crypto_tests" end time: Feb 26 19:58 MSK
"crypto_tests" time elapsed: 00:00:05
----------------------------------------------------------

2/2 Testing: network_tests
2/2 Test: network_tests
Command: "/home/comp/Desktop/p2p-messanger/build/network_tests"
Directory: /home/comp/Desktop/p2p-messanger/build
"network_tests" start time: Feb 26 19:58 MSK
Output:
----------------------------------------------------------
== UDP basic test (localhost) ==
A port: 52896, B port: 40960
Packet (de)serialization OK
Received on B from 127.0.0.1:52896 -> "hello over udp"
== UDP hole punching (localhost simulation) ==
A hole_punch result: OK
B hole_punch result: OK
== Keep-alive loop test ==
All network tests completed.
<end of output>
Test time =   3.01 sec
----------------------------------------------------------
Test Passed.
"network_tests" end time: Feb 26 19:58 MSK
"network_tests" time elapsed: 00:00:03
----------------------------------------------------------

End testing: Feb 26 19:58 MSK
